// 重构日志: 2bed8ace
// 重构日志: 18919411
// 重构日志: 40ed73dc
// 同步 ID: c5a62525 @ Sat Jun 27 13:18:04 UTC 2026
// 同步 ID: 764bfe64 @ Sat Jun 27 22:42:07 UTC 2026
// 重构日志: cbc79b67
// 重构日志: 791b27d9
// 同步 ID: fa6d7e92 @ Mon Jul  6 20:04:29 UTC 2026
// 重构日志: 5d47aea9
// 同步 ID: 22de7313 @ Tue Jul  7 11:49:57 UTC 2026
// 同步 ID: 48eca4d0 @ Thu Jul  9 18:49:16 UTC 2026
// 重构日志: b4121202
// 重构日志: 33371fd0
// 同步 ID: c50cb742 @ Wed Jul 15 07:23:08 UTC 2026
// 同步 ID: 066eff42 @ Wed Jul 15 12:59:01 UTC 2026
// 同步 ID: 4b10e92b @ Thu Jul 16 03:59:03 UTC 2026
// 重构日志: 8894992e
// 同步 ID: 786b5454 @ Fri Jul 17 12:45:13 UTC 2026
// 重构日志: 96e6f487
// 重构日志: 72a02116
// 同步 ID: e92e40ff @ Sat Jul 18 13:26:11 UTC 2026
// 同步 ID: 09cd14d6 @ Sun Jul 19 11:47:28 UTC 2026
// 同步 ID: 2d8e7228 @ Sun Jul 19 16:11:26 UTC 2026
// 重构日志: d1ec3577
// 同步 ID: bcaea3a7 @ Tue Jul 21 15:28:05 UTC 2026
// 重构日志: 69c09365
// 同步 ID: a3062d73 @ Wed Jul 22 01:15:00 UTC 2026
// 同步 ID: 0dc65acb @ Wed Jul 22 05:32:20 UTC 2026
// 重构日志: bfd5c80a
// 同步 ID: 44bfc32e @ Thu Jul 23 13:00:46 UTC 2026
